{"C:\\dev\\projects\\tribune.io\\website\\src\\setupTests.js": {"path":"C:\\dev\\projects\\tribune.io\\website\\src\\setupTests.js","statementMap":{"0":{"start":{"line":8,"column":0},"end":{"line":8,"column":34}},"1":{"start":{"line":9,"column":0},"end":{"line":9,"column":28}},"2":{"start":{"line":11,"column":0},"end":{"line":14,"column":27}},"3":{"start":{"line":16,"column":0},"end":{"line":16,"column":45}}},"fnMap":{},"branchMap":{},"s":{"0":1,"1":1,"2":1,"3":1},"f":{},"b":{},"_coverageSchema":"332fd63041d2c1bcb487cc26dd0d5f7d97098a6c","hash":"46dea40204533ab65633bf19522f3a1b8aa5f421"}
}
